<?xml version="1.0" encoding="UTF-8"?>
<testsuite xmlns:xsi="http://www.w3.org/2001/XMLSchema-instance" xsi:noNamespaceSchemaLocation="https://maven.apache.org/surefire/maven-surefire-plugin/xsd/surefire-test-report.xsd" name="BookJPATest" time="0.005" tests="1" errors="0" skipped="1" failures="0">
  <properties>
    <property name="gopherProxySet" value="false"/>
    <property name="awt.toolkit" value="sun.lwawt.macosx.LWCToolkit"/>
    <property name="file.encoding.pkg" value="sun.io"/>
    <property name="java.specification.version" value="1.8"/>
    <property name="sun.cpu.isalist" value=""/>
    <property name="sun.jnu.encoding" value="UTF-8"/>
    <property name="java.class.path" value="/Users/maximelacasse/Desktop/Java Project 2018/pro/MaxBook/target/test-classes:/Users/maximelacasse/Desktop/Java Project 2018/pro/MaxBook/target/classes:/Users/maximelacasse/.m2/repository/javax/javaee-web-api/7.0/javaee-web-api-7.0.jar:/Users/maximelacasse/.m2/repository/mysql/mysql-connector-java/5.1.45/mysql-connector-java-5.1.45.jar:/Users/maximelacasse/.m2/repository/org/primefaces/primefaces/6.1/primefaces-6.1.jar:/Users/maximelacasse/.m2/repository/org/webjars/bootstrap/3.3.7-1/bootstrap-3.3.7-1.jar:/Users/maximelacasse/.m2/repository/org/webjars/jquery/3.1.1-1/jquery-3.1.1-1.jar:/Users/maximelacasse/.m2/repository/org/webjars/font-awesome/4.7.0/font-awesome-4.7.0.jar:/Users/maximelacasse/.m2/repository/org/eclipse/persistence/org.eclipse.persistence.jpa.modelgen.processor/2.7.1/org.eclipse.persistence.jpa.modelgen.processor-2.7.1.jar:/Users/maximelacasse/.m2/repository/org/eclipse/persistence/org.eclipse.persistence.core/2.7.1/org.eclipse.persistence.core-2.7.1.jar:/Users/maximelacasse/.m2/repository/org/eclipse/persistence/org.eclipse.persistence.asm/2.7.1/org.eclipse.persistence.asm-2.7.1.jar:/Users/maximelacasse/.m2/repository/org/glassfish/javax.json/1.0.4/javax.json-1.0.4.jar:/Users/maximelacasse/.m2/repository/org/eclipse/persistence/org.eclipse.persistence.jpa/2.7.1/org.eclipse.persistence.jpa-2.7.1.jar:/Users/maximelacasse/.m2/repository/org/eclipse/persistence/javax.persistence/2.2.0/javax.persistence-2.2.0.jar:/Users/maximelacasse/.m2/repository/org/eclipse/persistence/org.eclipse.persistence.antlr/2.7.1/org.eclipse.persistence.antlr-2.7.1.jar:/Users/maximelacasse/.m2/repository/org/eclipse/persistence/org.eclipse.persistence.jpa.jpql/2.7.1/org.eclipse.persistence.jpa.jpql-2.7.1.jar:/Users/maximelacasse/.m2/repository/org/jboss/arquillian/container/arquillian-glassfish-remote-3.1/1.0.2/arquillian-glassfish-remote-3.1-1.0.2.jar:/Users/maximelacasse/.m2/repository/org/jboss/arquillian/container/arquillian-glassfish-common/1.0.2/arquillian-glassfish-common-1.0.2.jar:/Users/maximelacasse/.m2/repository/com/sun/jersey/jersey-bundle/1.10/jersey-bundle-1.10.jar:/Users/maximelacasse/.m2/repository/javax/ws/rs/jsr311-api/1.1.1/jsr311-api-1.1.1.jar:/Users/maximelacasse/.m2/repository/com/sun/jersey/contribs/jersey-multipart/1.10/jersey-multipart-1.10.jar:/Users/maximelacasse/.m2/repository/org/jvnet/mimepull/1.6/mimepull-1.6.jar:/Users/maximelacasse/.m2/repository/com/sun/jersey/jersey-core/1.10/jersey-core-1.10.jar:/Users/maximelacasse/.m2/repository/org/jboss/arquillian/container/arquillian-container-spi/1.2.0.Final/arquillian-container-spi-1.2.0.Final.jar:/Users/maximelacasse/.m2/repository/org/jboss/arquillian/core/arquillian-core-spi/1.2.0.Final/arquillian-core-spi-1.2.0.Final.jar:/Users/maximelacasse/.m2/repository/org/jboss/arquillian/config/arquillian-config-api/1.2.0.Final/arquillian-config-api-1.2.0.Final.jar:/Users/maximelacasse/.m2/repository/org/jboss/arquillian/config/arquillian-config-impl-base/1.2.0.Final/arquillian-config-impl-base-1.2.0.Final.jar:/Users/maximelacasse/.m2/repository/org/jboss/shrinkwrap/shrinkwrap-api/1.2.6/shrinkwrap-api-1.2.6.jar:/Users/maximelacasse/.m2/repository/org/jboss/shrinkwrap/descriptors/shrinkwrap-descriptors-api-base/2.0.0/shrinkwrap-descriptors-api-base-2.0.0.jar:/Users/maximelacasse/.m2/repository/org/jboss/arquillian/container/arquillian-container-test-spi/1.2.0.Final/arquillian-container-test-spi-1.2.0.Final.jar:/Users/maximelacasse/.m2/repository/org/jboss/arquillian/protocol/arquillian-protocol-servlet/1.2.0.Final/arquillian-protocol-servlet-1.2.0.Final.jar:/Users/maximelacasse/.m2/repository/org/jboss/shrinkwrap/descriptors/shrinkwrap-descriptors-spi/2.0.0/shrinkwrap-descriptors-spi-2.0.0.jar:/Users/maximelacasse/.m2/repository/org/jboss/arquillian/testenricher/arquillian-testenricher-cdi/1.2.0.Final/arquillian-testenricher-cdi-1.2.0.Final.jar:/Users/maximelacasse/.m2/repository/org/jboss/arquillian/testenricher/arquillian-testenricher-ejb/1.2.0.Final/arquillian-testenricher-ejb-1.2.0.Final.jar:/Users/maximelacasse/.m2/repository/org/jboss/arquillian/testenricher/arquillian-testenricher-resource/1.2.0.Final/arquillian-testenricher-resource-1.2.0.Final.jar:/Users/maximelacasse/.m2/repository/org/jboss/arquillian/testenricher/arquillian-testenricher-initialcontext/1.2.0.Final/arquillian-testenricher-initialcontext-1.2.0.Final.jar:/Users/maximelacasse/.m2/repository/org/jboss/shrinkwrap/resolver/shrinkwrap-resolver-api/2.2.6/shrinkwrap-resolver-api-2.2.6.jar:/Users/maximelacasse/.m2/repository/org/jboss/shrinkwrap/resolver/shrinkwrap-resolver-spi/2.2.6/shrinkwrap-resolver-spi-2.2.6.jar:/Users/maximelacasse/.m2/repository/org/jboss/shrinkwrap/resolver/shrinkwrap-resolver-api-maven/2.2.6/shrinkwrap-resolver-api-maven-2.2.6.jar:/Users/maximelacasse/.m2/repository/org/jboss/shrinkwrap/resolver/shrinkwrap-resolver-spi-maven/2.2.6/shrinkwrap-resolver-spi-maven-2.2.6.jar:/Users/maximelacasse/.m2/repository/org/jboss/shrinkwrap/resolver/shrinkwrap-resolver-api-maven-archive/2.2.6/shrinkwrap-resolver-api-maven-archive-2.2.6.jar:/Users/maximelacasse/.m2/repository/org/jboss/shrinkwrap/resolver/shrinkwrap-resolver-impl-maven/2.2.6/shrinkwrap-resolver-impl-maven-2.2.6.jar:/Users/maximelacasse/.m2/repository/org/eclipse/aether/aether-api/1.0.0.v20140518/aether-api-1.0.0.v20140518.jar:/Users/maximelacasse/.m2/repository/org/eclipse/aether/aether-impl/1.0.0.v20140518/aether-impl-1.0.0.v20140518.jar:/Users/maximelacasse/.m2/repository/org/eclipse/aether/aether-spi/1.0.0.v20140518/aether-spi-1.0.0.v20140518.jar:/Users/maximelacasse/.m2/repository/org/eclipse/aether/aether-util/1.0.0.v20140518/aether-util-1.0.0.v20140518.jar:/Users/maximelacasse/.m2/repository/org/eclipse/aether/aether-connector-basic/1.0.0.v20140518/aether-connector-basic-1.0.0.v20140518.jar:/Users/maximelacasse/.m2/repository/org/eclipse/aether/aether-transport-wagon/1.0.0.v20140518/aether-transport-wagon-1.0.0.v20140518.jar:/Users/maximelacasse/.m2/repository/org/apache/maven/maven-aether-provider/3.2.5/maven-aether-provider-3.2.5.jar:/Users/maximelacasse/.m2/repository/org/apache/maven/maven-model/3.5.2/maven-model-3.5.2.jar:/Users/maximelacasse/.m2/repository/org/apache/maven/maven-model-builder/3.5.2/maven-model-builder-3.5.2.jar:/Users/maximelacasse/.m2/repository/org/codehaus/plexus/plexus-component-annotations/1.7.1/plexus-component-annotations-1.7.1.jar:/Users/maximelacasse/.m2/repository/org/apache/maven/maven-artifact/3.5.2/maven-artifact-3.5.2.jar:/Users/maximelacasse/.m2/repository/org/apache/maven/maven-builder-support/3.5.2/maven-builder-support-3.5.2.jar:/Users/maximelacasse/.m2/repository/org/apache/maven/maven-repository-metadata/3.5.2/maven-repository-metadata-3.5.2.jar:/Users/maximelacasse/.m2/repository/org/apache/maven/maven-settings/3.5.2/maven-settings-3.5.2.jar:/Users/maximelacasse/.m2/repository/org/apache/maven/maven-settings-builder/3.5.2/maven-settings-builder-3.5.2.jar:/Users/maximelacasse/.m2/repository/org/codehaus/plexus/plexus-interpolation/1.24/plexus-interpolation-1.24.jar:/Users/maximelacasse/.m2/repository/org/codehaus/plexus/plexus-utils/3.1.0/plexus-utils-3.1.0.jar:/Users/maximelacasse/.m2/repository/org/sonatype/plexus/plexus-sec-dispatcher/1.4/plexus-sec-dispatcher-1.4.jar:/Users/maximelacasse/.m2/repository/org/sonatype/plexus/plexus-cipher/1.7/plexus-cipher-1.7.jar:/Users/maximelacasse/.m2/repository/org/apache/maven/wagon/wagon-provider-api/2.12/wagon-provider-api-2.12.jar:/Users/maximelacasse/.m2/repository/org/apache/maven/wagon/wagon-file/2.12/wagon-file-2.12.jar:/Users/maximelacasse/.m2/repository/org/apache/maven/wagon/wagon-http-lightweight/2.6/wagon-http-lightweight-2.6.jar:/Users/maximelacasse/.m2/repository/org/apache/maven/wagon/wagon-http-shared/2.6/wagon-http-shared-2.6.jar:/Users/maximelacasse/.m2/repository/commons-lang/commons-lang/2.6/commons-lang-2.6.jar:/Users/maximelacasse/.m2/repository/org/jboss/shrinkwrap/resolver/shrinkwrap-resolver-impl-maven-archive/2.2.6/shrinkwrap-resolver-impl-maven-archive-2.2.6.jar:/Users/maximelacasse/.m2/repository/org/jboss/shrinkwrap/resolver/shrinkwrap-resolver-spi-maven-archive/2.2.6/shrinkwrap-resolver-spi-maven-archive-2.2.6.jar:/Users/maximelacasse/.m2/repository/org/eclipse/sisu/org.eclipse.sisu.plexus/0.3.3/org.eclipse.sisu.plexus-0.3.3.jar:/Users/maximelacasse/.m2/repository/javax/enterprise/cdi-api/1.0/cdi-api-1.0.jar:/Users/maximelacasse/.m2/repository/javax/annotation/jsr250-api/1.0/jsr250-api-1.0.jar:/Users/maximelacasse/.m2/repository/javax/inject/javax.inject/1/javax.inject-1.jar:/Users/maximelacasse/.m2/repository/org/eclipse/sisu/org.eclipse.sisu.inject/0.3.3/org.eclipse.sisu.inject-0.3.3.jar:/Users/maximelacasse/.m2/repository/org/codehaus/plexus/plexus-compiler-javac/2.3/plexus-compiler-javac-2.3.jar:/Users/maximelacasse/.m2/repository/org/codehaus/plexus/plexus-compiler-api/2.3/plexus-compiler-api-2.3.jar:/Users/maximelacasse/.m2/repository/org/jboss/arquillian/junit/arquillian-junit-container/1.2.0.Final/arquillian-junit-container-1.2.0.Final.jar:/Users/maximelacasse/.m2/repository/org/jboss/arquillian/junit/arquillian-junit-core/1.2.0.Final/arquillian-junit-core-1.2.0.Final.jar:/Users/maximelacasse/.m2/repository/org/jboss/arquillian/test/arquillian-test-api/1.2.0.Final/arquillian-test-api-1.2.0.Final.jar:/Users/maximelacasse/.m2/repository/org/jboss/arquillian/core/arquillian-core-api/1.2.0.Final/arquillian-core-api-1.2.0.Final.jar:/Users/maximelacasse/.m2/repository/org/jboss/arquillian/test/arquillian-test-spi/1.2.0.Final/arquillian-test-spi-1.2.0.Final.jar:/Users/maximelacasse/.m2/repository/org/jboss/arquillian/container/arquillian-container-test-api/1.2.0.Final/arquillian-container-test-api-1.2.0.Final.jar:/Users/maximelacasse/.m2/repository/org/jboss/arquillian/core/arquillian-core-impl-base/1.2.0.Final/arquillian-core-impl-base-1.2.0.Final.jar:/Users/maximelacasse/.m2/repository/org/jboss/arquillian/test/arquillian-test-impl-base/1.2.0.Final/arquillian-test-impl-base-1.2.0.Final.jar:/Users/maximelacasse/.m2/repository/org/jboss/arquillian/container/arquillian-container-impl-base/1.2.0.Final/arquillian-container-impl-base-1.2.0.Final.jar:/Users/maximelacasse/.m2/repository/org/jboss/arquillian/container/arquillian-container-test-impl-base/1.2.0.Final/arquillian-container-test-impl-base-1.2.0.Final.jar:/Users/maximelacasse/.m2/repository/org/jboss/shrinkwrap/shrinkwrap-impl-base/1.2.6/shrinkwrap-impl-base-1.2.6.jar:/Users/maximelacasse/.m2/repository/org/jboss/shrinkwrap/shrinkwrap-spi/1.2.6/shrinkwrap-spi-1.2.6.jar:/Users/maximelacasse/.m2/repository/junit/junit/4.12/junit-4.12.jar:/Users/maximelacasse/.m2/repository/org/hamcrest/hamcrest-core/1.3/hamcrest-core-1.3.jar:/Users/maximelacasse/.m2/repository/org/seleniumhq/selenium/htmlunit-driver/2.29.0/htmlunit-driver-2.29.0.jar:/Users/maximelacasse/.m2/repository/org/seleniumhq/selenium/selenium-api/3.8.1/selenium-api-3.8.1.jar:/Users/maximelacasse/.m2/repository/org/seleniumhq/selenium/selenium-support/3.8.1/selenium-support-3.8.1.jar:/Users/maximelacasse/.m2/repository/net/sourceforge/htmlunit/htmlunit/2.29/htmlunit-2.29.jar:/Users/maximelacasse/.m2/repository/xalan/xalan/2.7.2/xalan-2.7.2.jar:/Users/maximelacasse/.m2/repository/xalan/serializer/2.7.2/serializer-2.7.2.jar:/Users/maximelacasse/.m2/repository/org/apache/commons/commons-text/1.2/commons-text-1.2.jar:/Users/maximelacasse/.m2/repository/org/apache/httpcomponents/httpmime/4.5.4/httpmime-4.5.4.jar:/Users/maximelacasse/.m2/repository/net/sourceforge/htmlunit/htmlunit-core-js/2.28/htmlunit-core-js-2.28.jar:/Users/maximelacasse/.m2/repository/net/sourceforge/htmlunit/neko-htmlunit/2.28/neko-htmlunit-2.28.jar:/Users/maximelacasse/.m2/repository/xerces/xercesImpl/2.11.0/xercesImpl-2.11.0.jar:/Users/maximelacasse/.m2/repository/xml-apis/xml-apis/1.4.01/xml-apis-1.4.01.jar:/Users/maximelacasse/.m2/repository/net/sourceforge/cssparser/cssparser/0.9.24/cssparser-0.9.24.jar:/Users/maximelacasse/.m2/repository/org/w3c/css/sac/1.3/sac-1.3.jar:/Users/maximelacasse/.m2/repository/commons-net/commons-net/3.6/commons-net-3.6.jar:/Users/maximelacasse/.m2/repository/org/eclipse/jetty/websocket/websocket-client/9.4.8.v20171121/websocket-client-9.4.8.v20171121.jar:/Users/maximelacasse/.m2/repository/org/eclipse/jetty/jetty-client/9.4.8.v20171121/jetty-client-9.4.8.v20171121.jar:/Users/maximelacasse/.m2/repository/org/eclipse/jetty/jetty-http/9.4.8.v20171121/jetty-http-9.4.8.v20171121.jar:/Users/maximelacasse/.m2/repository/org/eclipse/jetty/jetty-xml/9.4.8.v20171121/jetty-xml-9.4.8.v20171121.jar:/Users/maximelacasse/.m2/repository/org/eclipse/jetty/jetty-util/9.4.8.v20171121/jetty-util-9.4.8.v20171121.jar:/Users/maximelacasse/.m2/repository/org/eclipse/jetty/jetty-io/9.4.8.v20171121/jetty-io-9.4.8.v20171121.jar:/Users/maximelacasse/.m2/repository/org/eclipse/jetty/websocket/websocket-common/9.4.8.v20171121/websocket-common-9.4.8.v20171121.jar:/Users/maximelacasse/.m2/repository/org/eclipse/jetty/websocket/websocket-api/9.4.8.v20171121/websocket-api-9.4.8.v20171121.jar:/Users/maximelacasse/.m2/repository/org/seleniumhq/selenium/selenium-chrome-driver/3.8.1/selenium-chrome-driver-3.8.1.jar:/Users/maximelacasse/.m2/repository/org/seleniumhq/selenium/selenium-remote-driver/3.8.1/selenium-remote-driver-3.8.1.jar:/Users/maximelacasse/.m2/repository/net/bytebuddy/byte-buddy/1.7.5/byte-buddy-1.7.5.jar:/Users/maximelacasse/.m2/repository/org/apache/commons/commons-exec/1.3/commons-exec-1.3.jar:/Users/maximelacasse/.m2/repository/commons-codec/commons-codec/1.10/commons-codec-1.10.jar:/Users/maximelacasse/.m2/repository/commons-logging/commons-logging/1.2/commons-logging-1.2.jar:/Users/maximelacasse/.m2/repository/com/google/code/gson/gson/2.8.2/gson-2.8.2.jar:/Users/maximelacasse/.m2/repository/org/apache/httpcomponents/httpclient/4.5.3/httpclient-4.5.3.jar:/Users/maximelacasse/.m2/repository/org/apache/httpcomponents/httpcore/4.4.6/httpcore-4.4.6.jar:/Users/maximelacasse/.m2/repository/org/jsoup/jsoup/1.8.3/jsoup-1.8.3.jar:/Users/maximelacasse/.m2/repository/io/github/bonigarcia/webdrivermanager/2.1.0/webdrivermanager-2.1.0.jar:/Users/maximelacasse/.m2/repository/commons-io/commons-io/2.5/commons-io-2.5.jar:/Users/maximelacasse/.m2/repository/org/apache/commons/commons-lang3/3.5/commons-lang3-3.5.jar:/Users/maximelacasse/.m2/repository/org/rauschig/jarchivelib/0.7.1/jarchivelib-0.7.1.jar:/Users/maximelacasse/.m2/repository/org/apache/commons/commons-compress/1.9/commons-compress-1.9.jar:/Users/maximelacasse/.m2/repository/com/google/guava/guava/23.6-jre/guava-23.6-jre.jar:/Users/maximelacasse/.m2/repository/com/google/code/findbugs/jsr305/1.3.9/jsr305-1.3.9.jar:/Users/maximelacasse/.m2/repository/org/checkerframework/checker-compat-qual/2.0.0/checker-compat-qual-2.0.0.jar:/Users/maximelacasse/.m2/repository/com/google/errorprone/error_prone_annotations/2.1.3/error_prone_annotations-2.1.3.jar:/Users/maximelacasse/.m2/repository/com/google/j2objc/j2objc-annotations/1.1/j2objc-annotations-1.1.jar:/Users/maximelacasse/.m2/repository/org/codehaus/mojo/animal-sniffer-annotations/1.14/animal-sniffer-annotations-1.14.jar:/Users/maximelacasse/.m2/repository/org/assertj/assertj-core/3.9.0/assertj-core-3.9.0.jar:/Users/maximelacasse/.m2/repository/org/slf4j/slf4j-api/1.7.25/slf4j-api-1.7.25.jar:/Users/maximelacasse/.m2/repository/org/apache/logging/log4j/log4j-slf4j-impl/2.10.0/log4j-slf4j-impl-2.10.0.jar:/Users/maximelacasse/.m2/repository/org/jodd/jodd-mail/3.9.1/jodd-mail-3.9.1.jar:/Users/maximelacasse/.m2/repository/org/jodd/jodd-core/3.9.1/jodd-core-3.9.1.jar:/Users/maximelacasse/.m2/repository/javax/mail/javax.mail-api/1.6.0/javax.mail-api-1.6.0.jar:/Users/maximelacasse/.m2/repository/com/sun/mail/javax.mail/1.6.0/javax.mail-1.6.0.jar:/Users/maximelacasse/.m2/repository/javax/activation/activation/1.1/activation-1.1.jar:/Users/maximelacasse/.m2/repository/org/apache/logging/log4j/log4j-api/2.10.0/log4j-api-2.10.0.jar:/Users/maximelacasse/.m2/repository/org/apache/logging/log4j/log4j-core/2.10.0/log4j-core-2.10.0.jar:/Users/maximelacasse/.m2/repository/org/primefaces/themes/all-themes/1.0.10/all-themes-1.0.10.jar:/Users/maximelacasse/.m2/repository/net/java/dev/rome/rome/1.0.0/rome-1.0.0.jar:/Users/maximelacasse/.m2/repository/jdom/jdom/1.0/jdom-1.0.jar:/Users/maximelacasse/.m2/repository/org/jdom/jdom2/2.0.6/jdom2-2.0.6.jar:/Users/maximelacasse/.m2/repository/net/bootsfaces/bootsfaces/1.2.0/bootsfaces-1.2.0.jar:"/>
    <property name="java.vm.vendor" value="Oracle Corporation"/>
    <property name="sun.arch.data.model" value="64"/>
    <property name="java.vendor.url" value="http://java.oracle.com/"/>
    <property name="user.timezone" value=""/>
    <property name="java.vm.specification.version" value="1.8"/>
    <property name="os.name" value="Mac OS X"/>
    <property name="sun.java.launcher" value="SUN_STANDARD"/>
    <property name="user.country" value="CA"/>
    <property name="sun.boot.library.path" value="/Library/Java/JavaVirtualMachines/jdk1.8.0_151.jdk/Contents/Home/jre/lib"/>
    <property name="sun.java.command" value="/Users/maximelacasse/Desktop/Java Project 2018/pro/MaxBook/target/surefire/surefirebooter5054763546069262334.jar /Users/maximelacasse/Desktop/Java Project 2018/pro/MaxBook/target/surefire 2018-03-27T17-20-46_378-jvmRun1 surefire447223210068296153tmp surefire_06252681605732414731tmp"/>
    <property name="http.nonProxyHosts" value="local|*.local|169.254/16|*.169.254/16"/>
    <property name="surefire.test.class.path" value="/Users/maximelacasse/Desktop/Java Project 2018/pro/MaxBook/target/test-classes:/Users/maximelacasse/Desktop/Java Project 2018/pro/MaxBook/target/classes:/Users/maximelacasse/.m2/repository/javax/javaee-web-api/7.0/javaee-web-api-7.0.jar:/Users/maximelacasse/.m2/repository/mysql/mysql-connector-java/5.1.45/mysql-connector-java-5.1.45.jar:/Users/maximelacasse/.m2/repository/org/primefaces/primefaces/6.1/primefaces-6.1.jar:/Users/maximelacasse/.m2/repository/org/webjars/bootstrap/3.3.7-1/bootstrap-3.3.7-1.jar:/Users/maximelacasse/.m2/repository/org/webjars/jquery/3.1.1-1/jquery-3.1.1-1.jar:/Users/maximelacasse/.m2/repository/org/webjars/font-awesome/4.7.0/font-awesome-4.7.0.jar:/Users/maximelacasse/.m2/repository/org/eclipse/persistence/org.eclipse.persistence.jpa.modelgen.processor/2.7.1/org.eclipse.persistence.jpa.modelgen.processor-2.7.1.jar:/Users/maximelacasse/.m2/repository/org/eclipse/persistence/org.eclipse.persistence.core/2.7.1/org.eclipse.persistence.core-2.7.1.jar:/Users/maximelacasse/.m2/repository/org/eclipse/persistence/org.eclipse.persistence.asm/2.7.1/org.eclipse.persistence.asm-2.7.1.jar:/Users/maximelacasse/.m2/repository/org/glassfish/javax.json/1.0.4/javax.json-1.0.4.jar:/Users/maximelacasse/.m2/repository/org/eclipse/persistence/org.eclipse.persistence.jpa/2.7.1/org.eclipse.persistence.jpa-2.7.1.jar:/Users/maximelacasse/.m2/repository/org/eclipse/persistence/javax.persistence/2.2.0/javax.persistence-2.2.0.jar:/Users/maximelacasse/.m2/repository/org/eclipse/persistence/org.eclipse.persistence.antlr/2.7.1/org.eclipse.persistence.antlr-2.7.1.jar:/Users/maximelacasse/.m2/repository/org/eclipse/persistence/org.eclipse.persistence.jpa.jpql/2.7.1/org.eclipse.persistence.jpa.jpql-2.7.1.jar:/Users/maximelacasse/.m2/repository/org/jboss/arquillian/container/arquillian-glassfish-remote-3.1/1.0.2/arquillian-glassfish-remote-3.1-1.0.2.jar:/Users/maximelacasse/.m2/repository/org/jboss/arquillian/container/arquillian-glassfish-common/1.0.2/arquillian-glassfish-common-1.0.2.jar:/Users/maximelacasse/.m2/repository/com/sun/jersey/jersey-bundle/1.10/jersey-bundle-1.10.jar:/Users/maximelacasse/.m2/repository/javax/ws/rs/jsr311-api/1.1.1/jsr311-api-1.1.1.jar:/Users/maximelacasse/.m2/repository/com/sun/jersey/contribs/jersey-multipart/1.10/jersey-multipart-1.10.jar:/Users/maximelacasse/.m2/repository/org/jvnet/mimepull/1.6/mimepull-1.6.jar:/Users/maximelacasse/.m2/repository/com/sun/jersey/jersey-core/1.10/jersey-core-1.10.jar:/Users/maximelacasse/.m2/repository/org/jboss/arquillian/container/arquillian-container-spi/1.2.0.Final/arquillian-container-spi-1.2.0.Final.jar:/Users/maximelacasse/.m2/repository/org/jboss/arquillian/core/arquillian-core-spi/1.2.0.Final/arquillian-core-spi-1.2.0.Final.jar:/Users/maximelacasse/.m2/repository/org/jboss/arquillian/config/arquillian-config-api/1.2.0.Final/arquillian-config-api-1.2.0.Final.jar:/Users/maximelacasse/.m2/repository/org/jboss/arquillian/config/arquillian-config-impl-base/1.2.0.Final/arquillian-config-impl-base-1.2.0.Final.jar:/Users/maximelacasse/.m2/repository/org/jboss/shrinkwrap/shrinkwrap-api/1.2.6/shrinkwrap-api-1.2.6.jar:/Users/maximelacasse/.m2/repository/org/jboss/shrinkwrap/descriptors/shrinkwrap-descriptors-api-base/2.0.0/shrinkwrap-descriptors-api-base-2.0.0.jar:/Users/maximelacasse/.m2/repository/org/jboss/arquillian/container/arquillian-container-test-spi/1.2.0.Final/arquillian-container-test-spi-1.2.0.Final.jar:/Users/maximelacasse/.m2/repository/org/jboss/arquillian/protocol/arquillian-protocol-servlet/1.2.0.Final/arquillian-protocol-servlet-1.2.0.Final.jar:/Users/maximelacasse/.m2/repository/org/jboss/shrinkwrap/descriptors/shrinkwrap-descriptors-spi/2.0.0/shrinkwrap-descriptors-spi-2.0.0.jar:/Users/maximelacasse/.m2/repository/org/jboss/arquillian/testenricher/arquillian-testenricher-cdi/1.2.0.Final/arquillian-testenricher-cdi-1.2.0.Final.jar:/Users/maximelacasse/.m2/repository/org/jboss/arquillian/testenricher/arquillian-testenricher-ejb/1.2.0.Final/arquillian-testenricher-ejb-1.2.0.Final.jar:/Users/maximelacasse/.m2/repository/org/jboss/arquillian/testenricher/arquillian-testenricher-resource/1.2.0.Final/arquillian-testenricher-resource-1.2.0.Final.jar:/Users/maximelacasse/.m2/repository/org/jboss/arquillian/testenricher/arquillian-testenricher-initialcontext/1.2.0.Final/arquillian-testenricher-initialcontext-1.2.0.Final.jar:/Users/maximelacasse/.m2/repository/org/jboss/shrinkwrap/resolver/shrinkwrap-resolver-api/2.2.6/shrinkwrap-resolver-api-2.2.6.jar:/Users/maximelacasse/.m2/repository/org/jboss/shrinkwrap/resolver/shrinkwrap-resolver-spi/2.2.6/shrinkwrap-resolver-spi-2.2.6.jar:/Users/maximelacasse/.m2/repository/org/jboss/shrinkwrap/resolver/shrinkwrap-resolver-api-maven/2.2.6/shrinkwrap-resolver-api-maven-2.2.6.jar:/Users/maximelacasse/.m2/repository/org/jboss/shrinkwrap/resolver/shrinkwrap-resolver-spi-maven/2.2.6/shrinkwrap-resolver-spi-maven-2.2.6.jar:/Users/maximelacasse/.m2/repository/org/jboss/shrinkwrap/resolver/shrinkwrap-resolver-api-maven-archive/2.2.6/shrinkwrap-resolver-api-maven-archive-2.2.6.jar:/Users/maximelacasse/.m2/repository/org/jboss/shrinkwrap/resolver/shrinkwrap-resolver-impl-maven/2.2.6/shrinkwrap-resolver-impl-maven-2.2.6.jar:/Users/maximelacasse/.m2/repository/org/eclipse/aether/aether-api/1.0.0.v20140518/aether-api-1.0.0.v20140518.jar:/Users/maximelacasse/.m2/repository/org/eclipse/aether/aether-impl/1.0.0.v20140518/aether-impl-1.0.0.v20140518.jar:/Users/maximelacasse/.m2/repository/org/eclipse/aether/aether-spi/1.0.0.v20140518/aether-spi-1.0.0.v20140518.jar:/Users/maximelacasse/.m2/repository/org/eclipse/aether/aether-util/1.0.0.v20140518/aether-util-1.0.0.v20140518.jar:/Users/maximelacasse/.m2/repository/org/eclipse/aether/aether-connector-basic/1.0.0.v20140518/aether-connector-basic-1.0.0.v20140518.jar:/Users/maximelacasse/.m2/repository/org/eclipse/aether/aether-transport-wagon/1.0.0.v20140518/aether-transport-wagon-1.0.0.v20140518.jar:/Users/maximelacasse/.m2/repository/org/apache/maven/maven-aether-provider/3.2.5/maven-aether-provider-3.2.5.jar:/Users/maximelacasse/.m2/repository/org/apache/maven/maven-model/3.5.2/maven-model-3.5.2.jar:/Users/maximelacasse/.m2/repository/org/apache/maven/maven-model-builder/3.5.2/maven-model-builder-3.5.2.jar:/Users/maximelacasse/.m2/repository/org/codehaus/plexus/plexus-component-annotations/1.7.1/plexus-component-annotations-1.7.1.jar:/Users/maximelacasse/.m2/repository/org/apache/maven/maven-artifact/3.5.2/maven-artifact-3.5.2.jar:/Users/maximelacasse/.m2/repository/org/apache/maven/maven-builder-support/3.5.2/maven-builder-support-3.5.2.jar:/Users/maximelacasse/.m2/repository/org/apache/maven/maven-repository-metadata/3.5.2/maven-repository-metadata-3.5.2.jar:/Users/maximelacasse/.m2/repository/org/apache/maven/maven-settings/3.5.2/maven-settings-3.5.2.jar:/Users/maximelacasse/.m2/repository/org/apache/maven/maven-settings-builder/3.5.2/maven-settings-builder-3.5.2.jar:/Users/maximelacasse/.m2/repository/org/codehaus/plexus/plexus-interpolation/1.24/plexus-interpolation-1.24.jar:/Users/maximelacasse/.m2/repository/org/codehaus/plexus/plexus-utils/3.1.0/plexus-utils-3.1.0.jar:/Users/maximelacasse/.m2/repository/org/sonatype/plexus/plexus-sec-dispatcher/1.4/plexus-sec-dispatcher-1.4.jar:/Users/maximelacasse/.m2/repository/org/sonatype/plexus/plexus-cipher/1.7/plexus-cipher-1.7.jar:/Users/maximelacasse/.m2/repository/org/apache/maven/wagon/wagon-provider-api/2.12/wagon-provider-api-2.12.jar:/Users/maximelacasse/.m2/repository/org/apache/maven/wagon/wagon-file/2.12/wagon-file-2.12.jar:/Users/maximelacasse/.m2/repository/org/apache/maven/wagon/wagon-http-lightweight/2.6/wagon-http-lightweight-2.6.jar:/Users/maximelacasse/.m2/repository/org/apache/maven/wagon/wagon-http-shared/2.6/wagon-http-shared-2.6.jar:/Users/maximelacasse/.m2/repository/commons-lang/commons-lang/2.6/commons-lang-2.6.jar:/Users/maximelacasse/.m2/repository/org/jboss/shrinkwrap/resolver/shrinkwrap-resolver-impl-maven-archive/2.2.6/shrinkwrap-resolver-impl-maven-archive-2.2.6.jar:/Users/maximelacasse/.m2/repository/org/jboss/shrinkwrap/resolver/shrinkwrap-resolver-spi-maven-archive/2.2.6/shrinkwrap-resolver-spi-maven-archive-2.2.6.jar:/Users/maximelacasse/.m2/repository/org/eclipse/sisu/org.eclipse.sisu.plexus/0.3.3/org.eclipse.sisu.plexus-0.3.3.jar:/Users/maximelacasse/.m2/repository/javax/enterprise/cdi-api/1.0/cdi-api-1.0.jar:/Users/maximelacasse/.m2/repository/javax/annotation/jsr250-api/1.0/jsr250-api-1.0.jar:/Users/maximelacasse/.m2/repository/javax/inject/javax.inject/1/javax.inject-1.jar:/Users/maximelacasse/.m2/repository/org/eclipse/sisu/org.eclipse.sisu.inject/0.3.3/org.eclipse.sisu.inject-0.3.3.jar:/Users/maximelacasse/.m2/repository/org/codehaus/plexus/plexus-compiler-javac/2.3/plexus-compiler-javac-2.3.jar:/Users/maximelacasse/.m2/repository/org/codehaus/plexus/plexus-compiler-api/2.3/plexus-compiler-api-2.3.jar:/Users/maximelacasse/.m2/repository/org/jboss/arquillian/junit/arquillian-junit-container/1.2.0.Final/arquillian-junit-container-1.2.0.Final.jar:/Users/maximelacasse/.m2/repository/org/jboss/arquillian/junit/arquillian-junit-core/1.2.0.Final/arquillian-junit-core-1.2.0.Final.jar:/Users/maximelacasse/.m2/repository/org/jboss/arquillian/test/arquillian-test-api/1.2.0.Final/arquillian-test-api-1.2.0.Final.jar:/Users/maximelacasse/.m2/repository/org/jboss/arquillian/core/arquillian-core-api/1.2.0.Final/arquillian-core-api-1.2.0.Final.jar:/Users/maximelacasse/.m2/repository/org/jboss/arquillian/test/arquillian-test-spi/1.2.0.Final/arquillian-test-spi-1.2.0.Final.jar:/Users/maximelacasse/.m2/repository/org/jboss/arquillian/container/arquillian-container-test-api/1.2.0.Final/arquillian-container-test-api-1.2.0.Final.jar:/Users/maximelacasse/.m2/repository/org/jboss/arquillian/core/arquillian-core-impl-base/1.2.0.Final/arquillian-core-impl-base-1.2.0.Final.jar:/Users/maximelacasse/.m2/repository/org/jboss/arquillian/test/arquillian-test-impl-base/1.2.0.Final/arquillian-test-impl-base-1.2.0.Final.jar:/Users/maximelacasse/.m2/repository/org/jboss/arquillian/container/arquillian-container-impl-base/1.2.0.Final/arquillian-container-impl-base-1.2.0.Final.jar:/Users/maximelacasse/.m2/repository/org/jboss/arquillian/container/arquillian-container-test-impl-base/1.2.0.Final/arquillian-container-test-impl-base-1.2.0.Final.jar:/Users/maximelacasse/.m2/repository/org/jboss/shrinkwrap/shrinkwrap-impl-base/1.2.6/shrinkwrap-impl-base-1.2.6.jar:/Users/maximelacasse/.m2/repository/org/jboss/shrinkwrap/shrinkwrap-spi/1.2.6/shrinkwrap-spi-1.2.6.jar:/Users/maximelacasse/.m2/repository/junit/junit/4.12/junit-4.12.jar:/Users/maximelacasse/.m2/repository/org/hamcrest/hamcrest-core/1.3/hamcrest-core-1.3.jar:/Users/maximelacasse/.m2/repository/org/seleniumhq/selenium/htmlunit-driver/2.29.0/htmlunit-driver-2.29.0.jar:/Users/maximelacasse/.m2/repository/org/seleniumhq/selenium/selenium-api/3.8.1/selenium-api-3.8.1.jar:/Users/maximelacasse/.m2/repository/org/seleniumhq/selenium/selenium-support/3.8.1/selenium-support-3.8.1.jar:/Users/maximelacasse/.m2/repository/net/sourceforge/htmlunit/htmlunit/2.29/htmlunit-2.29.jar:/Users/maximelacasse/.m2/repository/xalan/xalan/2.7.2/xalan-2.7.2.jar:/Users/maximelacasse/.m2/repository/xalan/serializer/2.7.2/serializer-2.7.2.jar:/Users/maximelacasse/.m2/repository/org/apache/commons/commons-text/1.2/commons-text-1.2.jar:/Users/maximelacasse/.m2/repository/org/apache/httpcomponents/httpmime/4.5.4/httpmime-4.5.4.jar:/Users/maximelacasse/.m2/repository/net/sourceforge/htmlunit/htmlunit-core-js/2.28/htmlunit-core-js-2.28.jar:/Users/maximelacasse/.m2/repository/net/sourceforge/htmlunit/neko-htmlunit/2.28/neko-htmlunit-2.28.jar:/Users/maximelacasse/.m2/repository/xerces/xercesImpl/2.11.0/xercesImpl-2.11.0.jar:/Users/maximelacasse/.m2/repository/xml-apis/xml-apis/1.4.01/xml-apis-1.4.01.jar:/Users/maximelacasse/.m2/repository/net/sourceforge/cssparser/cssparser/0.9.24/cssparser-0.9.24.jar:/Users/maximelacasse/.m2/repository/org/w3c/css/sac/1.3/sac-1.3.jar:/Users/maximelacasse/.m2/repository/commons-net/commons-net/3.6/commons-net-3.6.jar:/Users/maximelacasse/.m2/repository/org/eclipse/jetty/websocket/websocket-client/9.4.8.v20171121/websocket-client-9.4.8.v20171121.jar:/Users/maximelacasse/.m2/repository/org/eclipse/jetty/jetty-client/9.4.8.v20171121/jetty-client-9.4.8.v20171121.jar:/Users/maximelacasse/.m2/repository/org/eclipse/jetty/jetty-http/9.4.8.v20171121/jetty-http-9.4.8.v20171121.jar:/Users/maximelacasse/.m2/repository/org/eclipse/jetty/jetty-xml/9.4.8.v20171121/jetty-xml-9.4.8.v20171121.jar:/Users/maximelacasse/.m2/repository/org/eclipse/jetty/jetty-util/9.4.8.v20171121/jetty-util-9.4.8.v20171121.jar:/Users/maximelacasse/.m2/repository/org/eclipse/jetty/jetty-io/9.4.8.v20171121/jetty-io-9.4.8.v20171121.jar:/Users/maximelacasse/.m2/repository/org/eclipse/jetty/websocket/websocket-common/9.4.8.v20171121/websocket-common-9.4.8.v20171121.jar:/Users/maximelacasse/.m2/repository/org/eclipse/jetty/websocket/websocket-api/9.4.8.v20171121/websocket-api-9.4.8.v20171121.jar:/Users/maximelacasse/.m2/repository/org/seleniumhq/selenium/selenium-chrome-driver/3.8.1/selenium-chrome-driver-3.8.1.jar:/Users/maximelacasse/.m2/repository/org/seleniumhq/selenium/selenium-remote-driver/3.8.1/selenium-remote-driver-3.8.1.jar:/Users/maximelacasse/.m2/repository/net/bytebuddy/byte-buddy/1.7.5/byte-buddy-1.7.5.jar:/Users/maximelacasse/.m2/repository/org/apache/commons/commons-exec/1.3/commons-exec-1.3.jar:/Users/maximelacasse/.m2/repository/commons-codec/commons-codec/1.10/commons-codec-1.10.jar:/Users/maximelacasse/.m2/repository/commons-logging/commons-logging/1.2/commons-logging-1.2.jar:/Users/maximelacasse/.m2/repository/com/google/code/gson/gson/2.8.2/gson-2.8.2.jar:/Users/maximelacasse/.m2/repository/org/apache/httpcomponents/httpclient/4.5.3/httpclient-4.5.3.jar:/Users/maximelacasse/.m2/repository/org/apache/httpcomponents/httpcore/4.4.6/httpcore-4.4.6.jar:/Users/maximelacasse/.m2/repository/org/jsoup/jsoup/1.8.3/jsoup-1.8.3.jar:/Users/maximelacasse/.m2/repository/io/github/bonigarcia/webdrivermanager/2.1.0/webdrivermanager-2.1.0.jar:/Users/maximelacasse/.m2/repository/commons-io/commons-io/2.5/commons-io-2.5.jar:/Users/maximelacasse/.m2/repository/org/apache/commons/commons-lang3/3.5/commons-lang3-3.5.jar:/Users/maximelacasse/.m2/repository/org/rauschig/jarchivelib/0.7.1/jarchivelib-0.7.1.jar:/Users/maximelacasse/.m2/repository/org/apache/commons/commons-compress/1.9/commons-compress-1.9.jar:/Users/maximelacasse/.m2/repository/com/google/guava/guava/23.6-jre/guava-23.6-jre.jar:/Users/maximelacasse/.m2/repository/com/google/code/findbugs/jsr305/1.3.9/jsr305-1.3.9.jar:/Users/maximelacasse/.m2/repository/org/checkerframework/checker-compat-qual/2.0.0/checker-compat-qual-2.0.0.jar:/Users/maximelacasse/.m2/repository/com/google/errorprone/error_prone_annotations/2.1.3/error_prone_annotations-2.1.3.jar:/Users/maximelacasse/.m2/repository/com/google/j2objc/j2objc-annotations/1.1/j2objc-annotations-1.1.jar:/Users/maximelacasse/.m2/repository/org/codehaus/mojo/animal-sniffer-annotations/1.14/animal-sniffer-annotations-1.14.jar:/Users/maximelacasse/.m2/repository/org/assertj/assertj-core/3.9.0/assertj-core-3.9.0.jar:/Users/maximelacasse/.m2/repository/org/slf4j/slf4j-api/1.7.25/slf4j-api-1.7.25.jar:/Users/maximelacasse/.m2/repository/org/apache/logging/log4j/log4j-slf4j-impl/2.10.0/log4j-slf4j-impl-2.10.0.jar:/Users/maximelacasse/.m2/repository/org/jodd/jodd-mail/3.9.1/jodd-mail-3.9.1.jar:/Users/maximelacasse/.m2/repository/org/jodd/jodd-core/3.9.1/jodd-core-3.9.1.jar:/Users/maximelacasse/.m2/repository/javax/mail/javax.mail-api/1.6.0/javax.mail-api-1.6.0.jar:/Users/maximelacasse/.m2/repository/com/sun/mail/javax.mail/1.6.0/javax.mail-1.6.0.jar:/Users/maximelacasse/.m2/repository/javax/activation/activation/1.1/activation-1.1.jar:/Users/maximelacasse/.m2/repository/org/apache/logging/log4j/log4j-api/2.10.0/log4j-api-2.10.0.jar:/Users/maximelacasse/.m2/repository/org/apache/logging/log4j/log4j-core/2.10.0/log4j-core-2.10.0.jar:/Users/maximelacasse/.m2/repository/org/primefaces/themes/all-themes/1.0.10/all-themes-1.0.10.jar:/Users/maximelacasse/.m2/repository/net/java/dev/rome/rome/1.0.0/rome-1.0.0.jar:/Users/maximelacasse/.m2/repository/jdom/jdom/1.0/jdom-1.0.jar:/Users/maximelacasse/.m2/repository/org/jdom/jdom2/2.0.6/jdom2-2.0.6.jar:/Users/maximelacasse/.m2/repository/net/bootsfaces/bootsfaces/1.2.0/bootsfaces-1.2.0.jar:"/>
    <property name="sun.cpu.endian" value="little"/>
    <property name="user.home" value="/Users/maximelacasse"/>
    <property name="user.language" value="en"/>
    <property name="java.specification.vendor" value="Oracle Corporation"/>
    <property name="java.home" value="/Library/Java/JavaVirtualMachines/jdk1.8.0_151.jdk/Contents/Home/jre"/>
    <property name="basedir" value="/Users/maximelacasse/Desktop/Java Project 2018/pro/MaxBook"/>
    <property name="file.separator" value="/"/>
    <property name="line.separator" value="&#10;"/>
    <property name="java.vm.specification.vendor" value="Oracle Corporation"/>
    <property name="java.specification.name" value="Java Platform API Specification"/>
    <property name="java.awt.graphicsenv" value="sun.awt.CGraphicsEnvironment"/>
    <property name="surefire.real.class.path" value="/Users/maximelacasse/Desktop/Java Project 2018/pro/MaxBook/target/surefire/surefirebooter5054763546069262334.jar"/>
    <property name="sun.boot.class.path" value="/Library/Java/JavaVirtualMachines/jdk1.8.0_151.jdk/Contents/Home/jre/lib/resources.jar:/Library/Java/JavaVirtualMachines/jdk1.8.0_151.jdk/Contents/Home/jre/lib/rt.jar:/Library/Java/JavaVirtualMachines/jdk1.8.0_151.jdk/Contents/Home/jre/lib/sunrsasign.jar:/Library/Java/JavaVirtualMachines/jdk1.8.0_151.jdk/Contents/Home/jre/lib/jsse.jar:/Library/Java/JavaVirtualMachines/jdk1.8.0_151.jdk/Contents/Home/jre/lib/jce.jar:/Library/Java/JavaVirtualMachines/jdk1.8.0_151.jdk/Contents/Home/jre/lib/charsets.jar:/Library/Java/JavaVirtualMachines/jdk1.8.0_151.jdk/Contents/Home/jre/lib/jfr.jar:/Library/Java/JavaVirtualMachines/jdk1.8.0_151.jdk/Contents/Home/jre/classes"/>
    <property name="sun.management.compiler" value="HotSpot 64-Bit Tiered Compilers"/>
    <property name="ftp.nonProxyHosts" value="local|*.local|169.254/16|*.169.254/16"/>
    <property name="java.runtime.version" value="1.8.0_151-b12"/>
    <property name="user.name" value="maximelacasse"/>
    <property name="path.separator" value=":"/>
    <property name="os.version" value="10.13.3"/>
    <property name="java.endorsed.dirs" value="/Library/Java/JavaVirtualMachines/jdk1.8.0_151.jdk/Contents/Home/jre/lib/endorsed"/>
    <property name="java.runtime.name" value="Java(TM) SE Runtime Environment"/>
    <property name="file.encoding" value="UTF-8"/>
    <property name="java.vm.name" value="Java HotSpot(TM) 64-Bit Server VM"/>
    <property name="maven.ext.class.path" value="/Applications/NetBeans/NetBeans 8.2.app/Contents/Resources/NetBeans/java/maven-nblib/netbeans-eventspy.jar"/>
    <property name="localRepository" value="/Users/maximelacasse/.m2/repository"/>
    <property name="java.vendor.url.bug" value="http://bugreport.sun.com/bugreport/"/>
    <property name="java.io.tmpdir" value="/var/folders/8x/xkkdzck54ls77lnvz7w68snw0000gn/T/"/>
    <property name="java.version" value="1.8.0_151"/>
    <property name="user.dir" value="/Users/maximelacasse/Desktop/Java Project 2018/pro/MaxBook"/>
    <property name="os.arch" value="x86_64"/>
    <property name="java.vm.specification.name" value="Java Virtual Machine Specification"/>
    <property name="java.awt.printerjob" value="sun.lwawt.macosx.CPrinterJob"/>
    <property name="sun.os.patch.level" value="unknown"/>
    <property name="java.library.path" value="/Users/maximelacasse/Library/Java/Extensions:/Library/Java/Extensions:/Network/Library/Java/Extensions:/System/Library/Java/Extensions:/usr/lib/java:."/>
    <property name="java.vm.info" value="mixed mode"/>
    <property name="java.vendor" value="Oracle Corporation"/>
    <property name="java.vm.version" value="25.151-b12"/>
    <property name="java.ext.dirs" value="/Users/maximelacasse/Library/Java/Extensions:/Library/Java/JavaVirtualMachines/jdk1.8.0_151.jdk/Contents/Home/jre/lib/ext:/Library/Java/Extensions:/Network/Library/Java/Extensions:/System/Library/Java/Extensions:/usr/lib/java"/>
    <property name="sun.io.unicode.encoding" value="UnicodeBig"/>
    <property name="java.class.version" value="52.0"/>
    <property name="socksNonProxyHosts" value="local|*.local|169.254/16|*.169.254/16"/>
  </properties>
  <testcase name="BookJPATest" classname="BookJPATest" time="0">
    <skipped/>
  </testcase>
</testsuite>